0 info it worked if it ends with ok
1 verbose cli [ '/usr/local/bin/node', '/usr/local/bin/npm', 'start' ]
2 info using npm@4.1.2
3 info using node@v6.2.0
4 verbose run-script [ 'prestart', 'start', 'poststart' ]
5 info lifecycle YourProjectName@0.0.0~prestart: YourProjectName@0.0.0
6 silly lifecycle YourProjectName@0.0.0~prestart: no script for prestart, continuing
7 info lifecycle YourProjectName@0.0.0~start: YourProjectName@0.0.0
8 verbose lifecycle YourProjectName@0.0.0~start: unsafe-perm in lifecycle true
9 verbose lifecycle YourProjectName@0.0.0~start: PATH: /usr/local/lib/node_modules/npm/bin/node-gyp-bin:/Users/yejia_alice/raxtest/hello-rax/node_modules/.bin:/Users/yejia_alice/bin:/usr/local/bin:/usr/local/bin:/usr/bin:/bin:/usr/sbin:/sbin:/opt/local/bin:/opt/local/sbin:/usr/local/git/bin:/Users/yejia_alice/.nvm/versions/node/v4.2.2/bin:/Users/yejia_alice/mongodb/mongodb-osx-x86_64-3.0.5/bin:/Users/yejia_alice/.rvm/bin
10 verbose lifecycle YourProjectName@0.0.0~start: CWD: /Users/yejia_alice/raxtest/hello-rax
11 silly lifecycle YourProjectName@0.0.0~start: Args: [ '-c', 'webpack-dev-server --host 0.0.0.0 --no-info' ]
12 silly lifecycle YourProjectName@0.0.0~start: Returned: code: 1  signal: null
13 info lifecycle YourProjectName@0.0.0~start: Failed to exec start script
14 verbose stack Error: YourProjectName@0.0.0 start: `webpack-dev-server --host 0.0.0.0 --no-info`
14 verbose stack Exit status 1
14 verbose stack     at EventEmitter.<anonymous> (/usr/local/lib/node_modules/npm/lib/utils/lifecycle.js:279:16)
14 verbose stack     at emitTwo (events.js:106:13)
14 verbose stack     at EventEmitter.emit (events.js:191:7)
14 verbose stack     at ChildProcess.<anonymous> (/usr/local/lib/node_modules/npm/lib/utils/spawn.js:40:14)
14 verbose stack     at emitTwo (events.js:106:13)
14 verbose stack     at ChildProcess.emit (events.js:191:7)
14 verbose stack     at maybeClose (internal/child_process.js:850:16)
14 verbose stack     at Process.ChildProcess._handle.onexit (internal/child_process.js:215:5)
15 verbose pkgid YourProjectName@0.0.0
16 verbose cwd /Users/yejia_alice/raxtest/hello-rax
17 error Darwin 16.3.0
18 error argv "/usr/local/bin/node" "/usr/local/bin/npm" "start"
19 error node v6.2.0
20 error npm  v4.1.2
21 error code ELIFECYCLE
22 error YourProjectName@0.0.0 start: `webpack-dev-server --host 0.0.0.0 --no-info`
22 error Exit status 1
23 error Failed at the YourProjectName@0.0.0 start script 'webpack-dev-server --host 0.0.0.0 --no-info'.
23 error Make sure you have the latest version of node.js and npm installed.
23 error If you do, this is most likely a problem with the YourProjectName package,
23 error not with npm itself.
23 error Tell the author that this fails on your system:
23 error     webpack-dev-server --host 0.0.0.0 --no-info
23 error You can get information on how to open an issue for this project with:
23 error     npm bugs YourProjectName
23 error Or if that isn't available, you can get their info via:
23 error     npm owner ls YourProjectName
23 error There is likely additional logging output above.
24 verbose exit [ 1, true ]
